#
# Automatically generated, don't edit
#
# Generated on: batchisongx620
# At: Tue, 06 May 2008 23:03:59 +0000

#
# PV Code Base Configuration System
#

#
# Menu for selecting supported features
#
module_support=y
oscl_support=y
streaming_support=y
download_support=y
net_support=y
netmodule=m


#
# Menu for configuring Baselibs
#
csprng=n
pvcrypto=n
pventropysrc=n
pvgendatastruct=n
pvmediadatastruct=n
pvmimeutils=n
threadsafe_callback_ao=n


#
# Menu for configuring File Formats
#

#
# Menu for configuring AAC Support
#
aac_support=n


#
# Menu for configuring AMR Support
#
amr_support=n


#
# Menu for configuring ASF Support
#
asfregmodule=m
asfmodule=m
pvasfff=n


#
# Menu for configuring MP3 support
#
mp3_support=n


#
# Menu for configuring MP4 Support
#
mp4module=m
mp4regmodule=m
pvmp4ff=n


#
# Menu for configuring Real AV Support
#
real_support=n

pvfileparserutils=n
pvid3parcom=n
pvpvxparser=n
pvwav=n
pvasxparser=n


#
# Menu for configuring Codecs
#

#
# Menu for configuring OMX Support
#
omx_support=n

m4v_config=n
pv_avc_common_lib=n
pv_video_config_parser=n
pvavcdecoder=n
wmadecoder=n
wmvdecoder=n
pvmp4decoder=n
gsm_amr_headers=n


#
# Menu for configuring Nodes
#

#
# Menu for configuring Streaming
#
streamingmodule=m
streamingregmodule=m
pvstreamingmanagernode=n
pvmediaplayernode=n
pvjitterbuffernode=n


#
# Menu for configuring Download
#
downloadmodule=m
downloadregmodule=m
pvdownloadmanagernode=n

pvfileoutputnode=n
pvmediaoutputnode=n
pvsocketnode=n
protocolenginenode=n
pvavcdecnode=n
pvvideodecnode=n
pvwavffparsernode=n
pvwmadecnode=n
pvwmvdecnode=n
pvasfffparsernode=n
pvmp4ffparsernode=n
pvrtppacketsourcenode=n
nodes_common_headers=n


#
# Menu for configuring Oscl
#
osclmodule=n
osclbase=n
osclerror=n
osclmemory=n
osclproc=n
osclregcli=n
osclregserv=n
osclutil=n
osclio=n
unit_test=n
pvlogger=n


#
# Menu for configuring Protocols
#
pv_http_parcom=n
pvlatmpayloadparser=n
pvsdpparser=n
rdt_parser=n
pv_rtsp_parcom=n
pvrtsp_cli_eng_node=n
rtppayloadparser=n
rtprtcp=n


#
# Menu for configuring Pvmi
#
cpm=n
file_mediaio=n
passthru_oma1=n
pvjanusplugin=n
pvmf=n
pvmfrecognizer=n
pvoma1ffrecognizer=n
pvasfffrecognizer=n
pvmp4ffrecognizer=n
pvdbmanager=n
cpm_headers=n


#
# Engine Player Build Configuration
#
pvplayer_engine=n
pvwmdrm=n
pvmtp_engine=n
engines_common_headers=n


#
# Derived symbols
#
pvmediaoutputnode_y_mk=""
osclproc_y_mk=""
pvjitterbuffernode_y_mk=""
pvasfff_y_mk=""
downloadmodule_m_mk="/tools_v2/build/modules/linux_download/core"
nodes_common_headers_y_mk=""
osclio_y_mk=""
asfregmodule_m_mk="/tools_v2/build/modules/linux_asf/node_registry"
pvavcdecoder_y_mk=""
omx_common_lib_y_mk=""
pvfileparserutils_y_mk=""
mp4regmodule_m_mk="/tools_v2/build/modules/linux_mp4/node_registry"
pvomxvideodecnode_y_mk=""
pvwav_y_mk=""
osclregcli_y_mk=""
pvgsmamrparser_y_mk=""
pvrmffparser_y_mk=""
pvvideodecnode_y_mk=""
unit_test_y_mk=""
pvlatmpayloadparser_y_mk=""
pvmp4ff_y_mk=""
getactualaacconfig_y_mk=""
pvdecoder_gsmamr_y_mk=""
osclmodule_m_mk=""
streamingregmodule_m_mk="/tools_v2/build/modules/linux_rtsp/node_registry"
pvgendatastruct_y_mk=""
pvstreamingmanagernode_y_mk=""
mp3decnode_y_mk=""
pvomx_proxy_lib_y_mk=""
aacdecnode_y_mk=""
cpm_headers_y_mk=""
asfmodule_m_mk="/tools_v2/build/modules/linux_asf/core"
cpm_y_mk=""
pv_avc_common_lib_y_mk=""
engines_common_headers_y_mk=""
pvjanusplugin_y_mk=""
pvasfffparsernode_y_mk=""
osclutil_y_mk=""
LIBDIR_m="/tools_v2/build/modules/linux_mp4/core /tools_v2/build/modules/linux_mp4/node_registry /tools_v2/build/modules/linux_asf/node_registry /tools_v2/build/modules/linux_asf/core /tools_v2/build/modules/linux_net_support/core /tools_v2/build/modules/linux_download/core /tools_v2/build/modules/linux_download/node_registry /tools_v2/build/modules/linux_rtsp/core /tools_v2/build/modules/linux_rtsp/node_registry"
pv_amr_nb_common_lib_y_mk=""
wmvdecoder_y_mk=""
file_mediaio_y_mk=""
pvasxparser_y_mk=""
pvpvxparser_y_mk=""
omx_avc_component_lib_y_mk=""
pvmp3_y_mk=""
pvfileoutputnode_y_mk=""
pv_video_config_parser_y_mk=""
pvwmdrm_y_mk=""
gsmamrdecnode_y_mk=""
wmadecoder_y_mk=""
osclbase_y_mk=""
pvrtppacketsourcenode_y_mk=""
pvmediaplayernode_y_mk=""
pvmp3ffparsernode_y_mk=""
pvra8decoder_y_mk=""
pvmediadatastruct_y_mk=""
pvasfffrecognizer_y_mk=""
pvaacffparsernode_y_mk=""
pvdownloadmanagernode_y_mk=""
passthru_oma1_y_mk=""
pvrmffrecognizer_y_mk=""
pvwmadecnode_y_mk=""
pvsdpparser_y_mk=""
m4v_config_y_mk=""
rtprtcp_y_mk=""
pvrtsp_cli_eng_node_y_mk=""
omx_wmv_component_lib_y_mk=""
pventropysrc_y_mk=""
mp4module_m_mk="/tools_v2/build/modules/linux_mp4/core"
pvmf_y_mk=""
pvrmff_y_mk=""
pvsocketnode_y_mk=""
streamingmodule_m_mk="/tools_v2/build/modules/linux_rtsp/core"
pvwmvdecnode_y_mk=""
pvcrypto_y_mk=""
rvdecoder_y_mk=""
pvaacparser_y_mk=""
protocolenginenode_y_mk=""
pvmp3ff_y_mk=""
pvwavffparsernode_y_mk=""
pvmp3ffrecognizer_y_mk=""
pvlogger_y_mk=""
rtppayloadparser_y_mk=""
pvra8decnode_y_mk=""
csprng_y_mk=""
pvmtp_engine_y_mk=""
pv_rtsp_parcom_y_mk=""
LIBDIR_y="                                                                                                       "
pvoma1ffrecognizer_y_mk=""
osclmemory_y_mk=""
pvmp4ffparsernode_y_mk=""
omx_m4v_component_lib_y_mk=""
pvdbmanager_y_mk=""
omx_queue_lib_y_mk=""
realaudio_deinterleaver_y_mk=""
osclregserv_y_mk=""
osclerror_y_mk=""
pvamrffparsernode_y_mk=""
rdt_parser_y_mk=""
pvplayer_engine_y_mk=""
netmodule_m_mk="/tools_v2/build/modules/linux_net_support/core"
pvmfrecognizer_y_mk=""
pvmp4decoder_y_mk=""
gsm_amr_headers_y_mk=""
pvrvdecnode_y_mk=""
pvamrwbdecoder_y_mk=""
pvavcdecnode_y_mk=""
downloadregmodule_m_mk="/tools_v2/build/modules/linux_download/node_registry"
pvid3parcom_y_mk=""
threadsafe_callback_ao_y_mk=""
pv_aac_dec_y_mk=""
pv_http_parcom_y_mk=""
pvrmffparsernode_y_mk=""
pvmimeutils_y_mk=""
pvmp4ffrecognizer_y_mk=""
#
# That's all, folks!
